<?xml version="1.0" encoding="UTF-8"?>
<!-- Generated by org.testng.reporters.JUnitReportReporter -->
<testsuite skipped="0" hostname="Arisha-PC" name="Simple_RESTAssured_Test.TC005_GET_ValidatingResponse" tests="1" failures="0" timestamp="2019-12-25T22:36:55 EST" time="1.718" errors="0">
  <testcase name="validatingResponseBody" time="1.718" classname="Simple_RESTAssured_Test.TC005_GET_ValidatingResponse"/>
</testsuite> <!-- Simple_RESTAssured_Test.TC005_GET_ValidatingResponse -->
