<?xml version="1.0" encoding="UTF-8"?>
<!-- Generated by org.testng.reporters.JUnitReportReporter -->
<testsuite skipped="0" hostname="Arisha-PC" name="Simple_RESTAssured_Test.TC006_GET_BasicAuthenticationTest" tests="1" failures="0" timestamp="2019-12-25T22:35:50 EST" time="1.421" errors="0">
  <testcase name="getAuthenticationTest" time="1.421" classname="Simple_RESTAssured_Test.TC006_GET_BasicAuthenticationTest"/>
</testsuite> <!-- Simple_RESTAssured_Test.TC006_GET_BasicAuthenticationTest -->
